<?xml version="1.0" encoding="UTF-8"?>
<testng-results ignored="0" total="2" passed="2" failed="0" skipped="0">
  <reporter-output>
  </reporter-output>
  <suite started-at="2021-05-08T14:21:00 IST" name="Default suite" finished-at="2021-05-08T14:21:07 IST" duration-ms="6652">
    <groups>
    </groups>
    <test started-at="2021-05-08T14:21:00 IST" name="Default test" finished-at="2021-05-08T14:21:07 IST" duration-ms="6652">
      <class name="test.LoginTestVerification">
        <test-method is-config="true" signature="beforeTest()[pri:0, instance:test.LoginTestVerification@4313f5bc]" started-at="2021-05-08T14:21:00 IST" name="beforeTest" finished-at="2021-05-08T14:21:06 IST" duration-ms="5268" status="PASS">
          <reporter-output>
          </reporter-output>
        </test-method> <!-- beforeTest -->
        <test-method signature="f()[pri:0, instance:test.LoginTestVerification@4313f5bc]" started-at="2021-05-08T14:21:06 IST" name="f" finished-at="2021-05-08T14:21:06 IST" duration-ms="7" status="PASS">
          <reporter-output>
          </reporter-output>
        </test-method> <!-- f -->
        <test-method is-config="true" signature="afterMethod()[pri:0, instance:test.LoginTestVerification@4313f5bc]" started-at="2021-05-08T14:21:06 IST" name="afterMethod" finished-at="2021-05-08T14:21:06 IST" duration-ms="0" status="PASS">
          <reporter-output>
          </reporter-output>
        </test-method> <!-- afterMethod -->
        <test-method signature="f(java.lang.String, java.lang.String)[pri:0, instance:test.LoginTestVerification@4313f5bc]" started-at="2021-05-08T14:21:06 IST" name="f" data-provider="dp" finished-at="2021-05-08T14:21:07 IST" duration-ms="1008" status="PASS">
          <params>
            <param index="0">
              <value>
                <![CDATA[admin]]>
              </value>
            </param>
            <param index="1">
              <value>
                <![CDATA[admin]]>
              </value>
            </param>
          </params>
          <reporter-output>
          </reporter-output>
        </test-method> <!-- f -->
        <test-method is-config="true" signature="afterMethod()[pri:0, instance:test.LoginTestVerification@4313f5bc]" started-at="2021-05-08T14:21:07 IST" name="afterMethod" finished-at="2021-05-08T14:21:07 IST" duration-ms="0" status="PASS">
          <reporter-output>
          </reporter-output>
        </test-method> <!-- afterMethod -->
        <test-method is-config="true" signature="afterTest()[pri:0, instance:test.LoginTestVerification@4313f5bc]" started-at="2021-05-08T14:21:07 IST" name="afterTest" finished-at="2021-05-08T14:21:07 IST" duration-ms="125" status="PASS">
          <reporter-output>
          </reporter-output>
        </test-method> <!-- afterTest -->
      </class> <!-- test.LoginTestVerification -->
    </test> <!-- Default test -->
  </suite> <!-- Default suite -->
</testng-results>
